<?xml version="1.0" encoding="UTF-8"?>
<!-- Generated by org.testng.reporters.JUnitXMLReporter -->
<testsuite hostname="DESKTOP-HEPKP8A" ignored="0" name="Default test" tests="8" failures="0" timestamp="18 Nov 2020 11:25:01 GMT" time="17.53" errors="0">
  <testcase name="invalidDataTests" time="0.815" classname="testJumble.loginTest"/>
  <testcase name="invalidDataTests" time="0.755" classname="testJumble.loginTest"/>
  <testcase name="invalidDataTests" time="0.789" classname="testJumble.loginTest"/>
  <testcase name="invalidDataTests" time="0.727" classname="testJumble.loginTest"/>
  <testcase name="validDataTests" time="0.754" classname="testJumble.loginTest"/>
  <testcase name="validDataTests" time="0.752" classname="testJumble.loginTest"/>
  <testcase name="validDataTests" time="0.781" classname="testJumble.loginTest"/>
  <testcase name="validDataTests" time="0.769" classname="testJumble.loginTest"/>
</testsuite> <!-- Default test -->
